INFO: [VRFC 10-2263] Analyzing Verilog file "D:/Sophomore/MIPS/Project/MIPS/MIPS.srcs/sources_1/new/alu.v" into library xil_defaultlib
INFO: [VRFC 10-311] analyzing module alu
INFO: [VRFC 10-2263] Analyzing Verilog file "D:/Sophomore/MIPS/Project/MIPS/MIPS.srcs/sources_1/new/alucontrol.v" into library xil_defaultlib
INFO: [VRFC 10-311] analyzing module alucontrol
INFO: [VRFC 10-2263] Analyzing Verilog file "D:/Sophomore/MIPS/Project/MIPS/MIPS.srcs/sources_1/new/controller.v" into library xil_defaultlib
INFO: [VRFC 10-311] analyzing module controller
INFO: [VRFC 10-2263] Analyzing Verilog file "D:/Sophomore/MIPS/Project/MIPS/MIPS.srcs/sources_1/new/datapath.v" into library xil_defaultlib
INFO: [VRFC 10-311] analyzing module datapath
INFO: [VRFC 10-2263] Analyzing Verilog file "D:/Sophomore/MIPS/Project/MIPS/MIPS.srcs/sources_1/new/exmemory.v" into library xil_defaultlib
INFO: [VRFC 10-311] analyzing module exmemory
INFO: [VRFC 10-2263] Analyzing Verilog file "D:/Sophomore/MIPS/Project/MIPS/MIPS.srcs/sources_1/new/flop.v" into library xil_defaultlib
INFO: [VRFC 10-311] analyzing module flop
INFO: [VRFC 10-2263] Analyzing Verilog file "D:/Sophomore/MIPS/Project/MIPS/MIPS.srcs/sources_1/new/flopen.v" into library xil_defaultlib
INFO: [VRFC 10-311] analyzing module flopen
INFO: [VRFC 10-2263] Analyzing Verilog file "D:/Sophomore/MIPS/Project/MIPS/MIPS.srcs/sources_1/new/flopenr.v" into library xil_defaultlib
INFO: [VRFC 10-311] analyzing module flopenr
INFO: [VRFC 10-2263] Analyzing Verilog file "D:/Sophomore/MIPS/Project/MIPS/MIPS.srcs/sources_1/new/mips.v" into library xil_defaultlib
INFO: [VRFC 10-311] analyzing module mips
INFO: [VRFC 10-2263] Analyzing Verilog file "D:/Sophomore/MIPS/Project/MIPS/MIPS.srcs/sources_1/new/mux2.v" into library xil_defaultlib
INFO: [VRFC 10-311] analyzing module mux2
INFO: [VRFC 10-2263] Analyzing Verilog file "D:/Sophomore/MIPS/Project/MIPS/MIPS.srcs/sources_1/new/mux4.v" into library xil_defaultlib
INFO: [VRFC 10-311] analyzing module mux4
INFO: [VRFC 10-2263] Analyzing Verilog file "D:/Sophomore/MIPS/Project/MIPS/MIPS.srcs/sources_1/new/mux8.v" into library xil_defaultlib
INFO: [VRFC 10-311] analyzing module mux8
INFO: [VRFC 10-2263] Analyzing Verilog file "D:/Sophomore/MIPS/Project/MIPS/MIPS.srcs/sources_1/new/regfile.v" into library xil_defaultlib
INFO: [VRFC 10-311] analyzing module regfile
INFO: [VRFC 10-2263] Analyzing Verilog file "D:/Sophomore/MIPS/Project/MIPS/MIPS.srcs/sources_1/new/zerodetect.v" into library xil_defaultlib
INFO: [VRFC 10-311] analyzing module zerodetect
INFO: [VRFC 10-2263] Analyzing Verilog file "D:/Sophomore/MIPS/Project/MIPS/MIPS.srcs/sources_1/new/top.v" into library xil_defaultlib
INFO: [VRFC 10-311] analyzing module top
